1 40.0 (1533, 344)
1 40.0 (1533, 344)
1 40.0 (1533, 344)
2 80.0 (1533, 344)
2 80.0 (1533, 344)
2 80.0 (1533, 344)
2 80.0 (1533, 344)
2 80.0 (1533, 344)
3 114.0 (1533, 344)
4 147.0 (1533, 344)
5 180.0 (1533, 344)
6 214.0 (1533, 344)
6 214.0 (1342, 345)
6 214.0 (1342, 345)
7 247.0 (1216, 360)
8 280.0 (1216, 360)
9 314.0 (1216, 360)
10 347.0 (1215, 360)
11 380.0 (1215, 360)
12 414.0 (1215, 360)
13 447.0 (1535, 211)
14 480.0 (1535, 211)
15 514.0 (1535, 211)
16 547.0 (1535, 211)
17 580.0 (1535, 211)
18 614.0 (1535, 211)
19 647.0 (1535, 211)
20 680.0 (1535, 211)
21 714.0 (1535, 211)
22 747.0 (1535, 211)
23 780.0 (1535, 211)
24 814.0 (1535, 211)
25 847.0 (1535, 211)
26 880.0 (1535, 211)
27 914.0 (1535, 211)
28 947.0 (1535, 211)
29 980.0 (1535, 211)
30 1014.0 (1535, 211)
31 1047.0 (1535, 211)
32 1080.0 (1535, 211)
33 1114.0 (1497, 630)
33 1114.0 (1497, 630)
33 1114.0 (1497, 630)
33 1114.0 (1497, 630)
33 1114.0 (1497, 630)
33 1114.0 (1497, 630)
33 1114.0 (1497, 630)
33 1114.0 (1162, 290)
33 1114.0 (1162, 290)
92 3080.0 (1703, 370)
97 3247.0 (1710, 352)
97 3247.0 (1701, 345)
97 3247.0 (1701, 345)
97 3247.0 (1540, 256)
97 3247.0 (1540, 256)
97 3247.0 (1540, 256)
97 3247.0 (1540, 256)
97 3247.0 (1540, 256)
97 3247.0 (1540, 256)
97 3247.0 (1540, 256)
97 3247.0 (1540, 256)
97 3247.0 (1540, 256)
97 3247.0 (1538, 256)
97 3247.0 (1522, 251)
97 3247.0 (1440, 242)
97 3247.0 (1429, 234)
97 3247.0 (1428, 234)
97 3247.0 (1232, 271)
97 3247.0 (1232, 271)
97 3247.0 (1232, 271)
97 3247.0 (1431, 250)
97 3247.0 (1431, 366)
99 3314.0 (1431, 366)
100 3347.0 (1431, 366)
101 3380.0 (1431, 366)
102 3414.0 (1431, 366)
103 3447.0 (1431, 366)
104 3480.0 (1431, 366)
105 3514.0 (1431, 366)
106 3547.0 (1431, 366)
107 3580.0 (1431, 366)
108 3614.0 (1431, 366)
109 3647.0 (1431, 366)
110 3680.0 (1431, 366)
111 3714.0 (1431, 366)
112 3747.0 (1431, 366)
113 3780.0 (1431, 366)
115 3847.0 (1431, 366)
116 3880.0 (1431, 366)
117 3914.0 (1431, 366)
118 3947.0 (1431, 366)
120 4014.0 (1431, 366)
121 4047.0 (1431, 366)
122 4080.0 (1431, 366)
123 4114.0 (1431, 366)
124 4147.0 (1431, 366)
125 4180.0 (1431, 366)
127 4247.0 (1431, 366)
128 4280.0 (1431, 366)
129 4314.0 (1431, 366)
130 4347.0 (1431, 366)
131 4380.0 (1431, 366)
135 4514.0 (1431, 366)
