3.09944152832e-06: -3.09762907028
0.156268119812: -3.11268877983
0.503356933594: -3.08023643494
0.654130935669: -3.08371543884
1.07108807564: -3.0805170536
1.54973697662: -3.08826565742
1.58450603485: -3.04179501534
1.89091610909: -3.02626204491
2.21487593651: -2.99685144424
2.54758214951: -2.98813343048
2.77398014069: -2.95663499832
2.98219203949: -2.99546551704
3.67551898956: -2.94624400139
3.84947109222: -3.05807065964
3.90221810341: -3.12165975571
4.29891109467: 3.10859036446
4.5058259964: 3.05465292931
4.66758298874: 2.93248820305
4.98711895943: 2.89569401741
5.28075909615: 2.8805437088
5.64250397682: 2.87707972527
5.95585799217: 2.86623978615
6.38205599785: 2.83798909187
6.4424200058: 2.77439188957
6.6672000885: 2.71169877052
6.95916414261: 2.75022768974
7.2563431263: 2.8325047493
7.55322408676: 2.83987116814
7.81308698654: 2.84776687622
8.28049111366: 2.86223626137
8.41168999672: 2.86352491379
8.86152410507: 2.85660290718
8.94154405594: 2.83920717239
9.21226906776: 2.82125425339
9.70945596695: 2.78383493423
9.83645796776: 2.77370119095
10.131565094: 2.82138109207
10.3632109165: 2.87216567993
10.7877709866: 3.07474160194
10.9843530655: -2.96101951599
11.3340489864: -2.69549822807
11.7633209229: -2.36585283279
11.8455541134: -1.98325610161
12.0805659294: -1.81813549995
12.437885046: -1.75649118423
12.8246619701: -1.64940679073
13.0056910515: -1.60188055038
13.3085420132: -1.62144887447
13.5571739674: -1.86069130898
13.7979750633: -2.05926847458
14.2279341221: -2.02148485184
14.5481619835: -2.05188918114
14.9003019333: -2.11167669296
15.0591380596: -2.09963130951
15.3305249214: -2.00237059593
15.5164539814: -1.93063831329
16.030189991: -1.79035818577
16.3777599335: -1.6391941309
16.573043108: -1.55064105988
16.7842199802: -1.66545331478
17.119822979: -1.83019840717
17.900135994: -2.01287794113
17.9930200577: -2.18252420425
18.1304841042: -2.23646116257
18.2231800556: -2.13177204132
18.4469480515: -1.96396934986
18.7621440887: -1.80461752415
18.9650969505: -1.67983782291
19.5671429634: -1.6248408556
19.6559491158: -1.70742642879
19.8796219826: -1.83934676647
20.3038201332: -1.98704349995
20.4398341179: -2.14688110352
20.8420491219: -2.28215289116
21.1011250019: -2.4105899334
21.3760259151: -2.53265118599
21.5951960087: -2.55264282227
21.9177050591: -2.41762828827
22.1218509674: -2.23177313805
22.740347147: -2.05542755127
23.0255029202: -1.89060533047
23.1745779514: -1.7935103178
23.771791935: -1.76617360115
23.8804030418: -1.7164992094
23.8852119446: -1.62535703182
24.1836540699: -1.66534781456
24.5108580589: -1.76249110699
24.8434090614: -1.86244273186
25.1162090302: -1.94840276241
25.3166410923: -2.03985214233
25.6173620224: -2.12745761871
25.8415129185: -2.16447544098
26.2097079754: -2.06503343582
26.5282859802: -1.94320785999
26.8375940323: -1.7718578577
27.0687170029: -1.64999544621
27.4234609604: -1.52747106552
28.0359511375: -1.47814893723
28.335889101: -1.60902941227
28.4414129257: -1.77274298668
28.5242769718: -1.94077670574
28.7286131382: -2.13544535637
29.0343859196: -2.29036331177
29.3397200108: -2.35389351845
29.6159520149: -2.24506568909
29.9380850792: -2.0956633091
30.2867259979: -2.07333803177
30.5170860291: -2.09288644791
30.9577620029: -2.04744815826
31.2295620441: -1.90493321419
31.3261201382: -1.83803594112
31.7344019413: -1.74532139301
31.9330029488: -1.62498784065
32.2429549694: -1.63401842117
32.4659190178: -1.76879513264
32.8578979969: -1.95761036873
33.0668599606: -2.1286945343
33.3341090679: -2.23216342926
33.7243010998: -2.21256995201
33.9041619301: -2.10862255096
34.1783809662: -1.97593677044
34.660998106: -1.82984435558
34.8507790565: -1.69857513905
35.1180090904: -1.64064121246
35.5156779289: -1.64064013958
35.8341770172: -1.69209945202
35.9320759773: -1.79170703888
36.2886359692: -1.92078948021
36.4746789932: -2.05675077438
36.8064219952: -2.18156933784
37.0886781216: -2.31865787506
37.3379600048: -2.41804647446
37.6177389622: -2.41233611107
37.9227869511: -2.30901312828
38.269755125: -2.18340420723
38.6394040585: -2.05225682259
38.8119039536: -1.90675866604
39.1395919323: -1.79712188244
39.4106271267: -1.6994998455
39.7595660686: -1.61366796494
40.1186649799: -1.59238815308
40.3656420708: -1.66998016834
40.7867641449: -1.78494250774
40.9947690964: -1.90537023544
41.3020849228: -2.00049471855
41.4537029266: -2.10741901398
41.8520591259: -2.1914908886
41.9431600571: -2.19600057602
42.2890770435: -2.08748483658
42.6205279827: -1.95299351215
43.0165770054: -1.81632125378
43.186136961: -1.69563531876
43.6422150135: -1.59750080109
43.7037990093: -1.58536219597
44.1512539387: -1.6437087059
44.6461980343: -1.70574104786
44.9432120323: -1.76827275753
45.0753610134: -1.79713642597
45.1614069939: -1.81845462322
45.5000519753: -1.85520112514
45.760931015: -1.94066977501
46.0016329288: -2.03010606766
46.3563280106: -2.03747391701
46.758687973: -1.94878351688
47.0910489559: -1.83183789253
47.1495730877: -1.72699475288
47.5272240639: -1.62181794643
47.9212329388: -1.57306337357
48.1757349968: -1.58451545238
48.3263909817: -1.69390177727
48.7484300137: -1.85914862156
48.9506211281: -2.01055073738
49.2245049477: -2.13001322746
49.7541251183: -2.20419120789
50.078553915: -2.00540971756
50.3778989315: -1.84397482872
50.639549017: -1.71562552452
50.9208340645: -1.60060024261
51.2897229195: -1.56171870232
51.456455946: -1.66678738594
51.7938230038: -1.83124709129
52.0896639824: -2.02047634125
52.3621771336: -2.19128394127
52.6994791031: -2.22823381424
52.8824851513: -2.08555221558
53.4241969585: -1.90079009533
53.4726269245: -1.73336851597
53.8448431492: -1.57611703873
54.2987990379: -1.48156988621
54.4011220932: -1.54704105854
54.7828581333: -1.70370781422
55.1405861378: -1.87480270863
55.3690350056: -2.04085087776
55.5532069206: -2.17404603958
55.7356939316: -2.20127868652
56.0413620472: -2.09057569504
56.41842103: -1.93344831467
56.6963500977: -1.7803696394
56.947945118: -1.6366122961
57.1774170399: -1.54864728451
57.595113039: -1.60724639893
57.831097126: -1.75719642639
58.0233619213: -1.91687583923
58.33137393: -1.94048798084
58.6506090164: -1.85632205009
58.9485890865: -1.7638220787
59.1539490223: -1.65930628777
59.9651751518: -1.39107441902
60.2227480412: -1.17693018913
60.3244869709: -1.11282742023
60.4116261005: -1.09841275215
60.5967650414: -1.12622070312
60.9667179585: -1.2268640995
61.2910101414: -1.31724607944
61.4879209995: -1.49990546703
61.9121830463: -1.72714686394
62.0235641003: -1.9778752327
62.4089369774: -2.11097669601
62.9108021259: -2.026293993
63.0463240147: -1.83161270618
63.2169101238: -1.63705825806
63.482432127: -1.5726300478
63.7458341122: -1.68668568134
64.0868139267: -1.85220313072
64.3241729736: -2.04094409943
64.7550480366: -2.20062017441
64.9915640354: -2.23878288269
65.3121509552: -2.11817860603
65.7141740322: -1.91206419468
65.7705390453: -1.73487603664
66.1946310997: -1.63940894604
66.3109869957: -1.61491024494
66.6159229279: -1.64329755306
66.9259231091: -1.75314033031
67.1706459522: -1.92091035843
67.6822919846: -2.0910615921
67.8985419273: -2.18161153793
68.0900230408: -2.14174079895
68.3912110329: -1.98474502563
68.7212290764: -1.80849397182
69.049601078: -1.6749433279
69.3151321411: -1.63501656055
69.4852330685: -1.65053486824
69.8225049973: -1.76051235199
70.1614921093: -1.88106215
70.3985340595: -2.04443502426
70.7095000744: -2.15075564384
71.0086140633: -2.09208488464
71.2047951221: -1.92928171158
71.7351739407: -1.76644265652
71.8118550777: -1.60727024078
72.1319241524: -1.53917479515
72.3979070187: -1.60868656635
72.798404932: -1.75496959686
72.9697461128: -1.9217543602
73.2138991356: -2.08969640732
73.8377580643: -2.19477701187
73.9005980492: -2.14990544319
74.2080790997: -1.98510074615
74.4125020504: -1.81599545479
74.7239451408: -1.68312144279
74.90290308: -1.56404936314
75.2111399174: -1.47180843353
75.5624389648: -1.46705639362
76.0774409771: -1.52628731728
76.0874640942: -1.62150609493
76.3914730549: -1.7225484848
76.6570210457: -1.82858181
76.9725379944: -1.93828308582
77.3251459599: -2.03989028931
77.5979869366: -2.13113069534
77.8964779377: -2.19448256493
78.1145689487: -2.18531870842
78.4071769714: -2.10675239563
78.8212330341: -1.9866822958
79.190279007: -1.88573801517
79.4970190525: -1.78646659851
79.6360719204: -1.71000158787
79.8155190945: -1.62921130657
80.1024410725: -1.61493217945
80.3760559559: -1.6564656496
80.839826107: -1.73974943161
81.0215039253: -1.83272755146
81.2817089558: -1.92119669914
81.5102989674: -2.01383590698
81.7807149887: -2.09704017639
82.149477005: -2.09046697617
82.3763010502: -2.02613925934
82.7150440216: -1.9389051199
82.9875769615: -1.85147106647
83.3786799908: -1.76740729809
84.1253249645: -1.69781637192
84.3079929352: -1.64732885361
84.4090759754: -1.65020489693
84.5459980965: -1.70871603489
84.9400970936: -1.78725707531
85.1084671021: -1.87004947662
85.3098649979: -1.96075761318
85.6101851463: -2.03915452957
85.8503611088: -2.06964039803
86.3708930016: -2.02711248398
86.4298429489: -1.93591916561
86.9124119282: -1.84428775311
87.0937900543: -1.75275814533
87.3773610592: -1.66422247887
87.7783060074: -1.59746038914
87.8927280903: -1.55043458939
88.3204381466: -1.56295681
88.4646680355: -1.64157629013
88.7464981079: -1.74292945862
89.0874450207: -1.85256683826
89.4398219585: -1.95370972157
89.5465240479: -2.05067110062
89.9217479229: -2.11140966415
90.13402915: -2.122205019
90.5863051414: -2.06189060211
90.7146940231: -1.95014965534
90.9990980625: -1.83916497231
91.3224320412: -1.72857320309
91.5590510368: -1.63573849201
92.1581439972: -1.56381702423
92.2994520664: -1.57000219822
92.5150380135: -1.63816833496
92.8138740063: -1.73626184464
93.0754201412: -1.83745062351
93.4018981457: -1.92862522602
93.7067639828: -2.0064740181
93.8664939404: -2.06942415237
94.2707300186: -2.11080932617
94.4402179718: -2.14621686935
94.8481900692: -2.12826490402
95.0644609928: -2.06473827362
95.3508970737: -1.95965504646
95.8877370358: -1.82011544704
96.0230970383: -1.68200981617
96.7325060368: -1.49341464043
96.8806710243: -1.37988853455
96.989937067: -1.27928566933
97.1426339149: -1.07803952694
97.40341115: -0.86055958271
97.6776480675: -0.758284747601
97.8694119453: -0.757198750973
98.1882030964: -0.651316940784
98.467746973: -0.591633558273
98.7937510014: -0.61832934618
99.043806076: -0.634234905243
99.2908051014: -0.572306513786
99.6401331425: -0.630508780479
99.9077680111: -0.710344612598
100.198723078: -0.681281268597
100.416712999: -0.712051570415
100.778409958: -0.803890287876
101.063645124: -0.834020316601
101.320183039: -0.845327556133
101.72795105: -0.949983894825
101.866501093: -1.0422399044
102.323894978: -1.06493973732
102.495046139: -1.36533200741
102.854808092: -1.60369896889
103.049957037: -1.69782841206
103.343003035: -1.78650581837
103.646703005: -1.72015082836
104.00176096: -1.71615970135
104.134606123: -1.76824486256
104.650938034: -1.73305952549
104.912848949: -1.69311749935
105.019035101: -1.67627322674
105.313396931: -1.67503738403
105.892802: -1.67839050293
106.182312012: -1.72747290134
106.221199989: -1.79396474361
106.965893984: -1.86677348614
107.191395044: -1.92421519756
107.247415066: -1.96326684952
107.619357109: -1.97015464306
108.039209127: -1.97693884373
108.429695129: -1.95536220074
108.530342102: -1.94500541687
108.654756069: -1.93902587891
109.289758921: -1.93683636189
109.556219101: -1.93448543549
109.968640089: -1.93115079403
110.049420118: -1.92766189575
110.272809982: -1.92510020733
110.383760929: -1.9232211113
110.852291107: -1.9210845232
111.069710016: -1.91927754879
111.229784012: -1.9180535078
111.484621048: -1.91768491268
111.716443062: -1.91667747498
112.088490009: -1.91535568237
112.326297998: -1.91417431831
112.67464304: -1.91260492802
112.97616601: -1.911206007
113.222581148: -1.90976822376
113.388795137: -1.90837860107
113.764377117: -1.90723001957
113.971996069: -1.90568912029
114.44679594: -1.90487861633
114.710896969: -1.90418374538
115.117150068: -1.9033639431
115.214023113: -1.90278804302
115.403708935: -1.90291798115
116.068350077: -1.9023758173
116.73980999: -1.90167033672
116.795431137: -1.9011721611
117.148669004: -1.90118658543
117.887836933: -1.90055561066
118.053080082: -1.90003752708
118.225045919: -1.89961981773
118.263986111: -1.89973080158
118.480569124: -1.89926362038
118.639904022: -1.89893853664
119.074005127: -1.89898133278
119.688844919: -1.89895534515
119.904257059: -1.8989430666
