767 221545.0 (1006, 887)
768 221578.0 (1006, 881)
769 221612.0 (1009, 883)
770 221645.0 (1016, 872)
773 221745.0 (1023, 872)
776 221845.0 (1049, 853)
780 221978.0 (1050, 853)
783 222078.0 (1054, 854)
786 222178.0 (1067, 846)
787 222212.0 (1061, 839)
789 222278.0 (1065, 817)
792 222378.0 (1063, 793)
794 222445.0 (1067, 781)
795 222478.0 (1068, 773)
796 222512.0 (1063, 768)
797 222545.0 (1060, 766)
798 222578.0 (1063, 754)
799 222612.0 (1057, 749)
800 222645.0 (1056, 746)
801 222678.0 (1051, 741)
802 222712.0 (1057, 734)
803 222745.0 (1050, 729)
804 222778.0 (1050, 727)
805 222812.0 (1046, 723)
806 222845.0 (1046, 724)
807 222878.0 (1043, 718)
808 222912.0 (1041, 710)
809 222945.0 (1046, 711)
810 222978.0 (1046, 711)
811 223012.0 (1045, 713)
812 223045.0 (1040, 722)
813 223078.0 (1031, 721)
814 223112.0 (1028, 714)
815 223145.0 (1030, 718)
816 223178.0 (1017, 730)
817 223212.0 (1009, 732)
818 223245.0 (1015, 730)
819 223278.0 (1009, 732)
820 223312.0 (1009, 734)
821 223345.0 (1001, 730)
822 223378.0 (999, 734)
823 223412.0 (994, 743)
824 223445.0 (989, 742)
825 223478.0 (996, 731)
826 223512.0 (997, 731)
827 223545.0 (996, 728)
828 223578.0 (989, 720)
829 223612.0 (993, 714)
830 223645.0 (989, 709)
831 223678.0 (991, 699)
832 223712.0 (992, 696)
833 223745.0 (986, 699)
834 223778.0 (988, 704)
835 223812.0 (993, 709)
836 223845.0 (991, 721)
837 223878.0 (986, 719)
838 223912.0 (990, 723)
839 223945.0 (994, 725)
840 223978.0 (986, 727)
841 224012.0 (988, 722)
842 224045.0 (981, 727)
843 224078.0 (979, 722)
844 224112.0 (976, 723)
845 224145.0 (977, 722)
846 224178.0 (981, 723)
847 224212.0 (975, 725)
848 224245.0 (969, 731)
849 224278.0 (974, 727)
850 224312.0 (975, 727)
851 224345.0 (975, 724)
852 224378.0 (970, 722)
853 224412.0 (973, 718)
854 224445.0 (971, 713)
855 224478.0 (974, 711)
856 224512.0 (979, 707)
857 224545.0 (988, 700)
858 224578.0 (992, 686)
859 224612.0 (987, 685)
860 224645.0 (983, 671)
861 224678.0 (990, 664)
862 224712.0 (986, 667)
863 224745.0 (987, 658)
864 224778.0 (984, 658)
865 224812.0 (984, 660)
866 224845.0 (993, 635)
867 224878.0 (994, 630)
868 224912.0 (983, 625)
869 224945.0 (983, 636)
870 224978.0 (983, 623)
871 225012.0 (998, 613)
872 225045.0 (990, 615)
873 225078.0 (986, 627)
874 225112.0 (983, 627)
875 225145.0 (993, 627)
876 225178.0 (990, 634)
877 225212.0 (989, 654)
878 225245.0 (983, 659)
879 225278.0 (994, 668)
880 225312.0 (983, 669)
881 225345.0 (988, 668)
882 225378.0 (989, 674)
883 225412.0 (974, 695)
884 225445.0 (974, 706)
885 225478.0 (987, 724)
886 225512.0 (975, 733)
887 225545.0 (968, 758)
888 225578.0 (962, 767)
889 225612.0 (962, 773)
890 225645.0 (964, 772)
891 225678.0 (968, 774)
892 225712.0 (951, 780)
893 225745.0 (945, 783)
894 225778.0 (932, 793)
895 225812.0 (931, 796)
896 225845.0 (926, 801)
897 225878.0 (929, 798)
898 225912.0 (929, 806)
900 225978.0 (922, 800)
901 226012.0 (920, 806)
902 226045.0 (926, 794)
903 226078.0 (942, 790)
905 226145.0 (926, 774)
906 226178.0 (936, 773)
907 226212.0 (935, 748)
908 226245.0 (937, 731)
909 226278.0 (936, 729)
910 226312.0 (951, 710)
911 226345.0 (942, 710)
912 226378.0 (945, 713)
913 226412.0 (951, 695)
914 226445.0 (947, 683)
915 226478.0 (953, 681)
916 226512.0 (947, 682)
917 226545.0 (954, 696)
918 226578.0 (944, 682)
919 226612.0 (943, 694)
920 226645.0 (930, 701)
921 226678.0 (926, 705)
922 226712.0 (909, 721)
923 226745.0 (906, 724)
924 226778.0 (906, 719)
925 226812.0 (892, 714)
926 226845.0 (877, 743)
927 226878.0 (874, 760)
928 226912.0 (867, 773)
929 226945.0 (851, 774)
930 226978.0 (835, 783)
931 227012.0 (844, 778)
932 227045.0 (838, 784)
933 227078.0 (829, 777)
934 227112.0 (820, 778)
935 227145.0 (809, 785)
936 227178.0 (810, 771)
937 227212.0 (808, 770)
938 227245.0 (804, 772)
939 227278.0 (799, 768)
940 227312.0 (810, 766)
941 227345.0 (799, 765)
942 227378.0 (790, 764)
943 227412.0 (797, 755)
944 227445.0 (786, 766)
945 227478.0 (784, 773)
946 227512.0 (784, 764)
947 227545.0 (781, 763)
948 227578.0 (777, 775)
949 227612.0 (781, 776)
951 227678.0 (768, 800)
952 227712.0 (773, 801)
953 227745.0 (757, 826)
954 227778.0 (762, 840)
967 228212.0 (772, 861)
968 228245.0 (764, 853)
971 228345.0 (774, 820)
972 228378.0 (769, 805)
973 228412.0 (771, 800)
974 228445.0 (764, 792)
975 228478.0 (778, 784)
977 228545.0 (779, 766)
978 228578.0 (781, 773)
979 228612.0 (780, 766)
980 228645.0 (779, 767)
981 228678.0 (785, 768)
983 228745.0 (788, 784)
984 228778.0 (795, 793)
985 228812.0 (789, 801)
986 228845.0 (800, 800)
987 228878.0 (791, 822)
988 228912.0 (806, 813)
989 228945.0 (793, 821)
990 228978.0 (786, 836)
991 229012.0 (794, 836)
992 229045.0 (784, 850)
993 229078.0 (775, 870)
994 229112.0 (763, 876)
995 229145.0 (766, 886)
997 229212.0 (746, 873)
1000 229312.0 (744, 852)
1001 229345.0 (740, 846)
1002 229378.0 (735, 852)
1003 229412.0 (749, 835)
1004 229445.0 (736, 822)
1005 229478.0 (746, 807)
1012 229712.0 (773, 729)
1015 229812.0 (774, 702)
1016 229845.0 (774, 702)
1017 229878.0 (779, 722)
1018 229912.0 (769, 741)
1020 229978.0 (761, 759)
1022 230045.0 (756, 761)
1023 230078.0 (749, 781)
1024 230112.0 (751, 781)
1025 230145.0 (749, 790)
1026 230178.0 (725, 784)
1027 230212.0 (735, 781)
1028 230245.0 (712, 789)
1029 230278.0 (713, 785)
1030 230312.0 (709, 776)
1031 230345.0 (700, 781)
1032 230378.0 (704, 767)
1033 230412.0 (701, 767)
1034 230445.0 (699, 768)
1035 230478.0 (704, 766)
1036 230512.0 (699, 773)
1037 230545.0 (701, 775)
1038 230578.0 (707, 759)
1039 230612.0 (707, 750)
1040 230645.0 (709, 746)
1041 230678.0 (714, 740)
1042 230712.0 (716, 732)
1043 230745.0 (713, 729)
1044 230778.0 (726, 713)
1045 230812.0 (712, 720)
1046 230845.0 (723, 716)
1047 230878.0 (733, 713)
1048 230912.0 (726, 713)
1049 230945.0 (732, 699)
1050 230978.0 (743, 686)
1050 230978.0 (743, 686)
1051 231012.0 (735, 681)
1052 231045.0 (735, 661)
1053 231078.0 (743, 630)
1054 231112.0 (745, 613)
1055 231145.0 (749, 588)
1056 231178.0 (747, 572)
1062 231378.0 (763, 482)
1063 231412.0 (767, 488)
1068 231578.0 (789, 570)
1088 232245.0 (898, 490)
1089 232278.0 (898, 487)
1090 232312.0 (891, 502)
1091 232345.0 (891, 514)
1092 232378.0 (892, 527)
1093 232412.0 (888, 553)
1094 232445.0 (880, 572)
1095 232478.0 (878, 601)
1096 232512.0 (879, 601)
1097 232545.0 (875, 619)
1098 232578.0 (872, 648)
1099 232612.0 (871, 656)
1100 232645.0 (866, 660)
1101 232678.0 (863, 671)
1102 232712.0 (862, 686)
1120 233312.0 (826, 765)
1121 233345.0 (824, 773)
1125 233478.0 (826, 781)
1127 233545.0 (824, 795)
1128 233578.0 (826, 805)
1130 233645.0 (824, 814)
1131 233678.0 (827, 818)
1134 233778.0 (827, 775)
1137 233878.0 (835, 702)
1138 233911.0 (840, 685)
1139 233945.0 (837, 660)
1140 233978.0 (839, 642)
1143 234078.0 (825, 626)
1144 234111.0 (815, 634)
1145 234145.0 (813, 636)
1146 234178.0 (800, 636)
1147 234211.0 (794, 643)
1148 234245.0 (797, 647)
1149 234278.0 (789, 647)
1150 234311.0 (789, 661)
1160 234645.0 (737, 751)
1169 234945.0 (727, 729)
1175 235145.0 (726, 678)
1192 235711.0 (735, 501)
1192 235711.0 (736, 502)
1193 235745.0 (732, 507)
1194 235778.0 (736, 507)
1195 235811.0 (734, 507)
1196 235845.0 (738, 498)
1197 235878.0 (735, 506)
1198 235911.0 (738, 498)
1199 235945.0 (737, 493)
1200 235978.0 (736, 493)
1201 236011.0 (733, 482)
1202 236045.0 (731, 480)
1203 236078.0 (732, 485)
1204 236111.0 (735, 496)
1205 236145.0 (736, 510)
1206 236178.0 (737, 528)
1207 236211.0 (722, 546)
1208 236245.0 (735, 549)
1209 236278.0 (736, 556)
1210 236311.0 (740, 576)
1211 236345.0 (741, 599)
1212 236378.0 (743, 613)
1213 236411.0 (748, 633)
1214 236445.0 (751, 639)
1238 237245.0 (792, 386)
1240 237311.0 (783, 363)
1243 237411.0 (781, 393)
1244 237445.0 (774, 410)
1245 237478.0 (772, 416)
1246 237511.0 (763, 425)
1247 237545.0 (757, 431)
1248 237578.0 (751, 435)
1249 237611.0 (742, 432)
1250 237645.0 (733, 437)
1251 237678.0 (734, 430)
1252 237711.0 (726, 439)
1253 237745.0 (718, 450)
1254 237778.0 (718, 455)
1255 237811.0 (712, 474)
1256 237845.0 (713, 496)
1257 237878.0 (707, 512)
1258 237911.0 (708, 525)
1259 237945.0 (710, 535)
1260 237978.0 (708, 549)
1261 238011.0 (713, 555)
1262 238045.0 (716, 573)
1263 238078.0 (714, 584)
1264 238111.0 (720, 599)
1265 238145.0 (723, 599)
1266 238178.0 (730, 612)
1267 238211.0 (732, 612)
1268 238245.0 (737, 609)
1269 238278.0 (746, 602)
1270 238311.0 (745, 601)
1271 238345.0 (748, 601)
1272 238378.0 (750, 586)
1273 238411.0 (754, 577)
1274 238445.0 (755, 577)
1275 238478.0 (754, 571)
1276 238511.0 (752, 562)
1277 238545.0 (752, 566)
1278 238578.0 (754, 559)
1279 238611.0 (762, 545)
1280 238645.0 (757, 546)
1281 238678.0 (751, 547)
1282 238711.0 (759, 535)
1283 238745.0 (748, 545)
1284 238778.0 (744, 542)
1285 238811.0 (748, 543)
1286 238845.0 (766, 534)
1287 238878.0 (761, 544)
1288 238911.0 (765, 552)
1291 239011.0 (778, 543)
1292 239045.0 (778, 553)
1293 239078.0 (785, 545)
1310 239645.0 (805, 580)
1311 239678.0 (805, 580)
1312 239711.0 (801, 591)
1313 239745.0 (802, 600)
1314 239778.0 (802, 610)
1315 239811.0 (800, 611)
1316 239845.0 (793, 622)
1317 239878.0 (797, 615)
1318 239911.0 (804, 612)
1319 239945.0 (806, 612)
1320 239978.0 (805, 618)
1321 240011.0 (802, 624)
1322 240045.0 (808, 635)
1323 240078.0 (801, 633)
1324 240111.0 (805, 641)
1325 240145.0 (812, 634)
1326 240178.0 (811, 620)
1327 240211.0 (808, 607)
1328 240245.0 (801, 600)
1329 240278.0 (798, 593)
1336 240511.0 (776, 542)
1337 240545.0 (779, 531)
1338 240578.0 (780, 524)
1339 240611.0 (774, 520)
1340 240645.0 (777, 518)
1341 240678.0 (783, 515)
1342 240711.0 (770, 518)
1343 240745.0 (773, 514)
1344 240778.0 (778, 507)
1345 240811.0 (771, 494)
1346 240845.0 (772, 495)
1347 240878.0 (777, 483)
1348 240911.0 (771, 484)
1349 240945.0 (768, 488)
1350 240978.0 (772, 475)
1351 241011.0 (764, 477)
1357 241211.0 (762, 454)
1358 241245.0 (763, 442)
1359 241278.0 (764, 454)
1360 241311.0 (764, 454)
1361 241345.0 (777, 441)
1362 241378.0 (782, 435)
1363 241411.0 (791, 443)
1414 243111.0 (919, 458)
1415 243145.0 (919, 458)
1416 243178.0 (928, 473)
1417 243211.0 (930, 488)
1418 243245.0 (933, 486)
1421 243345.0 (940, 502)
1423 243411.0 (933, 520)
1424 243445.0 (944, 554)
1425 243478.0 (945, 553)
1430 243645.0 (950, 597)
1431 243678.0 (948, 603)
1432 243711.0 (951, 597)
1437 243878.0 (962, 623)
1438 243911.0 (956, 629)
1441 244011.0 (955, 635)
1442 244045.0 (953, 620)
1443 244078.0 (963, 620)
1444 244111.0 (948, 623)
1445 244145.0 (962, 613)
1454 244445.0 (956, 471)
1455 244478.0 (957, 491)
1458 244578.0 (937, 573)
1473 245078.0 (935, 744)
1474 245111.0 (931, 744)
1475 245145.0 (934, 729)
1476 245178.0 (927, 721)
1477 245211.0 (922, 723)
1480 245311.0 (924, 713)
1481 245345.0 (930, 697)
1486 245511.0 (931, 704)
1487 245545.0 (936, 698)
1490 245645.0 (936, 678)
1491 245678.0 (945, 679)
1492 245711.0 (938, 677)
1493 245745.0 (935, 677)
1494 245778.0 (932, 677)
1495 245811.0 (920, 677)
1497 245878.0 (941, 657)
1498 245911.0 (921, 677)
1499 245945.0 (921, 696)
1500 245978.0 (918, 706)
1501 246011.0 (907, 742)
1502 246045.0 (910, 734)
1503 246078.0 (910, 740)
1504 246111.0 (903, 744)
1505 246145.0 (905, 743)
1506 246178.0 (904, 748)
1507 246211.0 (895, 757)
1508 246245.0 (896, 761)
1509 246278.0 (888, 756)
1510 246311.0 (890, 759)
1511 246345.0 (874, 749)
1512 246378.0 (871, 745)
1513 246411.0 (867, 744)
1514 246445.0 (867, 737)
1515 246478.0 (867, 738)
1516 246511.0 (858, 730)
1517 246545.0 (854, 718)
1518 246578.0 (861, 695)
1519 246611.0 (851, 695)
1520 246645.0 (846, 681)
1521 246678.0 (843, 669)
1522 246711.0 (842, 668)
1523 246745.0 (834, 667)
1523 246745.0 (838, 663)
1524 246778.0 (832, 669)
1525 246811.0 (827, 676)
1526 246845.0 (821, 678)
1527 246878.0 (815, 684)
1528 246911.0 (805, 691)
1529 246945.0 (791, 700)
1530 246978.0 (783, 694)
1531 247011.0 (773, 685)
1532 247045.0 (759, 677)
1533 247078.0 (749, 669)
1534 247111.0 (746, 678)
1535 247145.0 (727, 683)
1536 247178.0 (728, 674)
1537 247211.0 (727, 675)
1538 247245.0 (718, 688)
1539 247278.0 (716, 699)
1540 247311.0 (729, 706)
1541 247345.0 (720, 743)
1542 247378.0 (710, 780)
1543 247411.0 (729, 784)
1544 247445.0 (733, 818)
1572 248378.0 (841, 930)
1573 248411.0 (841, 927)
1574 248445.0 (842, 922)
1575 248478.0 (845, 912)
1576 248511.0 (840, 933)
1577 248545.0 (839, 924)
1593 249078.0 (817, 835)
1594 249111.0 (816, 839)
1595 249145.0 (812, 854)
1596 249178.0 (806, 870)
1597 249211.0 (805, 868)
1598 249245.0 (800, 884)
1601 249345.0 (792, 878)
1605 249478.0 (796, 877)
1619 249945.0 (832, 713)
1622 250045.0 (841, 730)
1622 250045.0 (848, 744)
1623 250078.0 (850, 746)
1624 250111.0 (851, 746)
1625 250145.0 (851, 752)
1626 250178.0 (871, 738)
1627 250211.0 (885, 740)
1628 250245.0 (898, 732)
1642 250711.0 (952, 739)
1645 250811.0 (953, 786)
1646 250845.0 (951, 798)
1647 250878.0 (947, 802)
1648 250911.0 (946, 808)
1653 251078.0 (936, 786)
1654 251111.0 (932, 781)
1655 251145.0 (924, 790)
1656 251178.0 (925, 781)
1657 251211.0 (918, 774)
1658 251245.0 (914, 766)
1659 251278.0 (905, 760)
1660 251311.0 (910, 730)
1661 251345.0 (900, 732)
1662 251378.0 (896, 720)
1663 251411.0 (895, 707)
1664 251445.0 (886, 702)
1665 251478.0 (882, 691)
1666 251511.0 (882, 690)
1667 251545.0 (875, 679)
1668 251578.0 (871, 673)
1669 251611.0 (872, 669)
1670 251645.0 (873, 658)
1671 251678.0 (873, 649)
1672 251711.0 (874, 647)
1673 251745.0 (873, 650)
1674 251778.0 (882, 631)
1675 251811.0 (879, 626)
1676 251845.0 (890, 623)
1684 252111.0 (874, 409)
1685 252145.0 (893, 372)
1686 252178.0 (892, 326)
1687 252211.0 (874, 318)
1691 252345.0 (866, 377)
1692 252378.0 (862, 392)
1693 252411.0 (855, 415)
1693 252411.0 (852, 419)
1694 252445.0 (841, 455)
1695 252478.0 (838, 447)
1696 252511.0 (823, 445)
1697 252545.0 (828, 438)
1698 252578.0 (819, 445)
1699 252611.0 (807, 431)
1700 252645.0 (801, 428)
1701 252678.0 (801, 417)
1702 252711.0 (793, 418)
1703 252745.0 (794, 416)
1704 252778.0 (790, 420)
1706 252845.0 (781, 447)
1707 252878.0 (790, 461)
1708 252911.0 (782, 474)
1709 252945.0 (774, 492)
1710 252978.0 (786, 511)
1711 253011.0 (780, 541)
1712 253045.0 (782, 544)
1713 253078.0 (778, 564)
1714 253111.0 (786, 569)
1715 253145.0 (792, 573)
1716 253178.0 (795, 582)
1717 253211.0 (800, 583)
1718 253245.0 (804, 585)
1719 253278.0 (808, 581)
1720 253311.0 (804, 588)
1721 253345.0 (811, 585)
1722 253378.0 (814, 586)
1723 253411.0 (821, 576)
1724 253445.0 (828, 582)
1725 253478.0 (830, 574)
1726 253511.0 (833, 583)
1727 253545.0 (833, 583)
1728 253578.0 (833, 585)
1729 253611.0 (833, 585)
1730 253645.0 (833, 585)
1731 253678.0 (845, 575)
1732 253711.0 (845, 575)
1733 253745.0 (845, 575)
1734 253778.0 (855, 554)
1735 253811.0 (861, 545)
1736 253845.0 (867, 526)
1737 253878.0 (870, 514)
1738 253911.0 (879, 508)
1739 253945.0 (883, 487)
1740 253978.0 (888, 467)
1741 254011.0 (888, 467)
1742 254045.0 (905, 426)
1743 254078.0 (908, 398)
1744 254111.0 (908, 366)
1745 254145.0 (902, 349)
1746 254178.0 (898, 326)
1748 254245.0 (874, 303)
1749 254278.0 (868, 301)
1750 254311.0 (858, 307)
1751 254345.0 (845, 301)
1752 254378.0 (841, 297)
1753 254411.0 (817, 288)
1754 254445.0 (809, 305)
1755 254478.0 (800, 305)
1756 254511.0 (790, 308)
1757 254545.0 (782, 309)
1758 254578.0 (769, 312)
1759 254611.0 (753, 303)
1760 254645.0 (747, 294)
1761 254678.0 (738, 294)
1762 254711.0 (735, 269)
1763 254745.0 (727, 254)
1764 254778.0 (712, 235)
1765 254811.0 (714, 223)
1766 254845.0 (710, 236)
1767 254878.0 (705, 223)
1768 254911.0 (708, 239)
1769 254945.0 (703, 250)
1770 254978.0 (700, 264)
1771 255011.0 (702, 278)
1772 255045.0 (700, 293)
1773 255078.0 (701, 294)
1774 255111.0 (702, 295)
1775 255145.0 (709, 305)
1776 255178.0 (709, 314)
1777 255211.0 (706, 307)
1778 255245.0 (712, 313)
1779 255278.0 (715, 301)
1780 255311.0 (718, 305)
1781 255345.0 (723, 300)
1782 255378.0 (730, 302)
1783 255411.0 (734, 294)
1784 255445.0 (737, 291)
1785 255478.0 (748, 288)
1786 255511.0 (752, 282)
1787 255545.0 (759, 274)
1788 255578.0 (766, 256)
1789 255611.0 (775, 260)
1790 255645.0 (780, 246)
1791 255678.0 (795, 244)
1792 255711.0 (798, 240)
1793 255745.0 (802, 235)
1794 255778.0 (813, 216)
1795 255811.0 (813, 216)
1796 255845.0 (822, 211)
1797 255878.0 (837, 211)
1798 255911.0 (841, 197)
1799 255945.0 (836, 199)
1800 255978.0 (843, 196)
1801 256011.0 (842, 190)
1802 256045.0 (845, 193)
1803 256078.0 (851, 181)
1804 256111.0 (852, 195)
1805 256145.0 (855, 199)
1806 256178.0 (865, 215)
1807 256211.0 (853, 217)
1808 256245.0 (860, 204)
1809 256278.0 (859, 197)
1810 256311.0 (856, 195)
1811 256345.0 (852, 187)
1812 256378.0 (861, 175)
1818 256578.0 (848, 175)
1819 256611.0 (840, 171)
1819 256611.0 (851, 170)
1820 256645.0 (844, 179)
1821 256678.0 (843, 176)
1925 260145.0 (1024, 101)
1977 261878.0 (1139, 96)
1978 261911.0 (1127, 107)
1979 261945.0 (1117, 94)
1980 261978.0 (1110, 82)
1981 262011.0 (1097, 84)
